c:\users\kake\eurocity\grtown\debug\vc120.pdb
c:\users\kake\eurocity\grtown\debug\vc120.idb
c:\users\kake\eurocity\grtown\debug\cars.obj
c:\users\kake\eurocity\grtown\debug\objects.obj
c:\users\kake\eurocity\grtown\debug\simplebehaviors.obj
c:\users\kake\eurocity\grtown\debug\suburbs.obj
c:\users\kake\eurocity\grtown\debug\drive.obj
c:\users\kake\eurocity\grtown\debug\roads.obj
c:\users\kake\eurocity\grtown\debug\behavior.obj
c:\users\kake\eurocity\grtown\debug\drawingstate.obj
c:\users\kake\eurocity\grtown\debug\drawutils.obj
c:\users\kake\eurocity\grtown\debug\flycamera.obj
c:\users\kake\eurocity\grtown\debug\graphicstownui.obj
c:\users\kake\eurocity\grtown\debug\grobject.obj
c:\users\kake\eurocity\grtown\debug\grworld.obj
c:\users\kake\eurocity\grtown\debug\mmatrix.obj
c:\users\kake\eurocity\grtown\debug\townviewwidget.obj
c:\users\kake\eurocity\grtown\debug\shadertools.obj
c:\users\kake\eurocity\grtown\debug\texture.obj
c:\users\kake\eurocity\grtown\debug\main.obj
c:\users\kake\eurocity\grtown\debug\glee.obj
c:\users\kake\eurocity\grtown\debug\libtarga.obj
c:\users\kake\eurocity\grtown\debug\ufo.obj
c:\users\kake\source\repos\eurocity\grtown\debug\vc120.pdb
c:\users\kake\source\repos\eurocity\grtown\debug\vc120.idb
c:\users\kake\source\repos\eurocity\grtown\debug\cars.obj
c:\users\kake\source\repos\eurocity\grtown\debug\objects.obj
c:\users\kake\source\repos\eurocity\grtown\debug\simplebehaviors.obj
c:\users\kake\source\repos\eurocity\grtown\debug\suburbs.obj
c:\users\kake\source\repos\eurocity\grtown\debug\drive.obj
c:\users\kake\source\repos\eurocity\grtown\debug\roads.obj
c:\users\kake\source\repos\eurocity\grtown\debug\behavior.obj
c:\users\kake\source\repos\eurocity\grtown\debug\drawingstate.obj
c:\users\kake\source\repos\eurocity\grtown\debug\drawutils.obj
c:\users\kake\source\repos\eurocity\grtown\debug\flycamera.obj
c:\users\kake\source\repos\eurocity\grtown\debug\graphicstownui.obj
c:\users\kake\source\repos\eurocity\grtown\debug\grobject.obj
c:\users\kake\source\repos\eurocity\grtown\debug\grworld.obj
c:\users\kake\source\repos\eurocity\grtown\debug\mmatrix.obj
c:\users\kake\source\repos\eurocity\grtown\debug\townviewwidget.obj
c:\users\kake\source\repos\eurocity\grtown\debug\shadertools.obj
c:\users\kake\source\repos\eurocity\grtown\debug\texture.obj
c:\users\kake\source\repos\eurocity\grtown\debug\main.obj
c:\users\kake\source\repos\eurocity\grtown\debug\ufo.obj
c:\users\kake\source\repos\eurocity\grtown\debug\glee.obj
c:\users\kake\source\repos\eurocity\grtown\debug\libtarga.obj
c:\users\kake\source\repos\eurocity\grtown\debug\tank.obj
c:\users\kake\eurocity\grtown\debug\grtown.ilk
c:\users\kake\eurocity\grtown\debug\grtown.exe
c:\users\kake\eurocity\grtown\debug\grtown.pdb
c:\users\kake\source\repos\eurocity\grtown\debug\grtown.pdb
c:\users\kake\source\repos\eurocity\grtown\debug\grtown.tlog\cl.command.1.tlog
c:\users\kake\source\repos\eurocity\grtown\debug\grtown.tlog\cl.read.1.tlog
c:\users\kake\source\repos\eurocity\grtown\debug\grtown.tlog\cl.write.1.tlog
c:\users\kake\source\repos\eurocity\grtown\debug\grtown.tlog\link.command.1.tlog
c:\users\kake\source\repos\eurocity\grtown\debug\grtown.tlog\link.read.1.tlog
c:\users\kake\source\repos\eurocity\grtown\debug\grtown.tlog\link.write.1.tlog
